# JRE version: OpenJDK Runtime Environment (11.0.13+8) (build 11.0.13+8-Ubuntu-0ubuntu1.20.04)
# Java VM: OpenJDK 64-Bit Server VM (11.0.13+8-Ubuntu-0ubuntu1.20.04, mixed mode, sharing, tiered, compressed oops, g1 gc, linux-amd64)
Heap:
 garbage-first heap   total 253952K, used 116903K [0x000000070bc00000, 0x0000000800000000)
  region size 1024K, 110 young (112640K), 5 survivors (5120K)
 Metaspace       used 32429K, capacity 33446K, committed 33712K, reserved 1079296K
  class space    used 3945K, capacity 4334K, committed 4352K, reserved 1048576K
GC Heap History (8 events):
Event: 0.370 GC heap before
{Heap before GC invocations=0 (full 0):
 garbage-first heap   total 253952K, used 26312K [0x000000070bc00000, 0x0000000800000000)
  region size 1024K, 24 young (24576K), 0 survivors (0K)
 Metaspace       used 4972K, capacity 7248K, committed 7552K, reserved 1056768K
  class space    used 581K, capacity 831K, committed 896K, reserved 1048576K
}
Event: 0.375 GC heap after
{Heap after GC invocations=1 (full 0):
 garbage-first heap   total 253952K, used 6726K [0x000000070bc00000, 0x0000000800000000)
  region size 1024K, 3 young (3072K), 3 survivors (3072K)
 Metaspace       used 4972K, capacity 7248K, committed 7552K, reserved 1056768K
  class space    used 581K, capacity 831K, committed 896K, reserved 1048576K
}
Event: 0.630 GC heap before
{Heap before GC invocations=1 (full 0):
 garbage-first heap   total 253952K, used 33350K [0x000000070bc00000, 0x0000000800000000)
  region size 1024K, 29 young (29696K), 3 survivors (3072K)
 Metaspace       used 10225K, capacity 11404K, committed 11520K, reserved 1058816K
  class space    used 1252K, capacity 1459K, committed 1536K, reserved 1048576K
}
Event: 0.635 GC heap after
{Heap after GC invocations=2 (full 0):
 garbage-first heap   total 253952K, used 8054K [0x000000070bc00000, 0x0000000800000000)
  region size 1024K, 2 young (2048K), 2 survivors (2048K)
 Metaspace       used 10225K, capacity 11404K, committed 11520K, reserved 1058816K
  class space    used 1252K, capacity 1459K, committed 1536K, reserved 1048576K
}
Event: 0.856 GC heap before
{Heap before GC invocations=2 (full 0):
 garbage-first heap   total 253952K, used 50038K [0x000000070bc00000, 0x0000000800000000)
  region size 1024K, 44 young (45056K), 2 survivors (2048K)
 Metaspace       used 15176K, capacity 15813K, committed 16000K, reserved 1062912K
  class space    used 1883K, capacity 2108K, committed 2176K, reserved 1048576K
}
Event: 0.858 GC heap after
{Heap after GC invocations=3 (full 0):
 garbage-first heap   total 253952K, used 9324K [0x000000070bc00000, 0x0000000800000000)
  region size 1024K, 3 young (3072K), 3 survivors (3072K)
 Metaspace       used 15176K, capacity 15813K, committed 16000K, reserved 1062912K
  class space    used 1883K, capacity 2108K, committed 2176K, reserved 1048576K
}
Event: 1.439 GC heap before
{Heap before GC invocations=3 (full 0):
 garbage-first heap   total 253952K, used 77932K [0x000000070bc00000, 0x0000000800000000)
  region size 1024K, 72 young (73728K), 3 survivors (3072K)
 Metaspace       used 20443K, capacity 21172K, committed 21296K, reserved 1067008K
  class space    used 2539K, capacity 2854K, committed 2944K, reserved 1048576K
}
Event: 1.445 GC heap after
{Heap after GC invocations=4 (full 0):
 garbage-first heap   total 253952K, used 11431K [0x000000070bc00000, 0x0000000800000000)
  region size 1024K, 5 young (5120K), 5 survivors (5120K)
 Metaspace       used 20443K, capacity 21172K, committed 21296K, reserved 1067008K
  class space    used 2539K, capacity 2854K, committed 2944K, reserved 1048576K
}

