# JRE version: OpenJDK Runtime Environment (11.0.13+8) (build 11.0.13+8-Ubuntu-0ubuntu1.20.04)
# Java VM: OpenJDK 64-Bit Server VM (11.0.13+8-Ubuntu-0ubuntu1.20.04, mixed mode, sharing, tiered, compressed oops, g1 gc, linux-amd64)
Heap:
 garbage-first heap   total 264192K, used 128469K [0x00000000e0000000, 0x0000000100000000)
  region size 1024K, 49 young (50176K), 6 survivors (6144K)
 Metaspace       used 68668K, capacity 71272K, committed 71552K, reserved 317440K
  class space    used 8597K, capacity 9547K, committed 9600K, reserved 253952K
GC Heap History (20 events):
Event: 6.164 GC heap before
{Heap before GC invocations=9 (full 0):
 garbage-first heap   total 264192K, used 106604K [0x00000000e0000000, 0x0000000100000000)
  region size 1024K, 54 young (55296K), 15 survivors (15360K)
 Metaspace       used 57922K, capacity 59966K, committed 60160K, reserved 307200K
  class space    used 7723K, capacity 8461K, committed 8576K, reserved 253952K
}
Event: 6.175 GC heap after
{Heap after GC invocations=10 (full 0):
 garbage-first heap   total 264192K, used 64751K [0x00000000e0000000, 0x0000000100000000)
  region size 1024K, 3 young (3072K), 3 survivors (3072K)
 Metaspace       used 57922K, capacity 59966K, committed 60160K, reserved 307200K
  class space    used 7723K, capacity 8461K, committed 8576K, reserved 253952K
}
Event: 546.335 GC heap before
{Heap before GC invocations=11 (full 0):
 garbage-first heap   total 264192K, used 201967K [0x00000000e0000000, 0x0000000100000000)
  region size 1024K, 137 young (140288K), 3 survivors (3072K)
 Metaspace       used 59962K, capacity 62121K, committed 62464K, reserved 309248K
  class space    used 7835K, capacity 8626K, committed 8704K, reserved 253952K
}
Event: 546.355 GC heap after
{Heap after GC invocations=12 (full 0):
 garbage-first heap   total 264192K, used 69879K [0x00000000e0000000, 0x0000000100000000)
  region size 1024K, 8 young (8192K), 8 survivors (8192K)
 Metaspace       used 59962K, capacity 62121K, committed 62464K, reserved 309248K
  class space    used 7835K, capacity 8626K, committed 8704K, reserved 253952K
}
Event: 546.635 GC heap before
{Heap before GC invocations=12 (full 0):
 garbage-first heap   total 264192K, used 207095K [0x00000000e0000000, 0x0000000100000000)
  region size 1024K, 141 young (144384K), 8 survivors (8192K)
 Metaspace       used 61377K, capacity 63604K, committed 63872K, reserved 309248K
  class space    used 7998K, capacity 8799K, committed 8832K, reserved 253952K
}
Event: 546.650 GC heap after
{Heap after GC invocations=13 (full 0):
 garbage-first heap   total 264192K, used 79748K [0x00000000e0000000, 0x0000000100000000)
  region size 1024K, 17 young (17408K), 17 survivors (17408K)
 Metaspace       used 61377K, capacity 63604K, committed 63872K, reserved 309248K
  class space    used 7998K, capacity 8799K, committed 8832K, reserved 253952K
}
Event: 599.812 GC heap before
{Heap before GC invocations=13 (full 0):
 garbage-first heap   total 264192K, used 206724K [0x00000000e0000000, 0x0000000100000000)
  region size 1024K, 142 young (145408K), 17 survivors (17408K)
 Metaspace       used 62342K, capacity 64724K, committed 65024K, reserved 311296K
  class space    used 8052K, capacity 8898K, committed 8960K, reserved 253952K
}
Event: 599.820 GC heap after
{Heap after GC invocations=14 (full 0):
 garbage-first heap   total 264192K, used 74798K [0x00000000e0000000, 0x0000000100000000)
  region size 1024K, 10 young (10240K), 10 survivors (10240K)
 Metaspace       used 62342K, capacity 64724K, committed 65024K, reserved 311296K
  class space    used 8052K, capacity 8898K, committed 8960K, reserved 253952K
}
Event: 600.029 GC heap before
{Heap before GC invocations=14 (full 0):
 garbage-first heap   total 264192K, used 209966K [0x00000000e0000000, 0x0000000100000000)
  region size 1024K, 141 young (144384K), 10 survivors (10240K)
 Metaspace       used 63750K, capacity 66208K, committed 66432K, reserved 311296K
  class space    used 8208K, capacity 9071K, committed 9088K, reserved 253952K
}
Event: 600.035 GC heap after
{Heap after GC invocations=15 (full 0):
 garbage-first heap   total 264192K, used 82035K [0x00000000e0000000, 0x0000000100000000)
  region size 1024K, 17 young (17408K), 17 survivors (17408K)
 Metaspace       used 63750K, capacity 66208K, committed 66432K, reserved 311296K
  class space    used 8208K, capacity 9071K, committed 9088K, reserved 253952K
}
Event: 666.419 GC heap before
{Heap before GC invocations=15 (full 0):
 garbage-first heap   total 264192K, used 206963K [0x00000000e0000000, 0x0000000100000000)
  region size 1024K, 140 young (143360K), 17 survivors (17408K)
 Metaspace       used 64506K, capacity 66941K, committed 67328K, reserved 313344K
  class space    used 8231K, capacity 9110K, committed 9216K, reserved 253952K
}
Event: 666.437 GC heap after
{Heap after GC invocations=16 (full 0):
 garbage-first heap   total 264192K, used 78373K [0x00000000e0000000, 0x0000000100000000)
  region size 1024K, 7 young (7168K), 7 survivors (7168K)
 Metaspace       used 64506K, capacity 66941K, committed 67328K, reserved 313344K
  class space    used 8231K, capacity 9110K, committed 9216K, reserved 253952K
}
Event: 666.672 GC heap before
{Heap before GC invocations=16 (full 0):
 garbage-first heap   total 264192K, used 210469K [0x00000000e0000000, 0x0000000100000000)
  region size 1024K, 135 young (138240K), 7 survivors (7168K)
 Metaspace       used 65559K, capacity 68130K, committed 68480K, reserved 313344K
  class space    used 8350K, capacity 9250K, committed 9344K, reserved 253952K
}
Event: 666.680 GC heap after
{Heap after GC invocations=17 (full 0):
 garbage-first heap   total 264192K, used 88807K [0x00000000e0000000, 0x0000000100000000)
  region size 1024K, 17 young (17408K), 17 survivors (17408K)
 Metaspace       used 65559K, capacity 68130K, committed 68480K, reserved 313344K
  class space    used 8350K, capacity 9250K, committed 9344K, reserved 253952K
}
Event: 706.761 GC heap before
{Heap before GC invocations=17 (full 0):
 garbage-first heap   total 264192K, used 206567K [0x00000000e0000000, 0x0000000100000000)
  region size 1024K, 133 young (136192K), 17 survivors (17408K)
 Metaspace       used 66419K, capacity 68878K, committed 68992K, reserved 315392K
  class space    used 8410K, capacity 9321K, committed 9344K, reserved 253952K
}
Event: 706.770 GC heap after
{Heap after GC invocations=18 (full 0):
 garbage-first heap   total 264192K, used 82550K [0x00000000e0000000, 0x0000000100000000)
  region size 1024K, 7 young (7168K), 7 survivors (7168K)
 Metaspace       used 66419K, capacity 68878K, committed 68992K, reserved 315392K
  class space    used 8410K, capacity 9321K, committed 9344K, reserved 253952K
}
Event: 706.949 GC heap before
{Heap before GC invocations=18 (full 0):
 garbage-first heap   total 264192K, used 210550K [0x00000000e0000000, 0x0000000100000000)
  region size 1024K, 131 young (134144K), 7 survivors (7168K)
 Metaspace       used 66991K, capacity 69658K, committed 69888K, reserved 315392K
  class space    used 8442K, capacity 9365K, committed 9472K, reserved 253952K
}
Event: 706.961 GC heap after
{Heap after GC invocations=19 (full 0):
 garbage-first heap   total 264192K, used 92656K [0x00000000e0000000, 0x0000000100000000)
  region size 1024K, 16 young (16384K), 16 survivors (16384K)
 Metaspace       used 66991K, capacity 69658K, committed 69888K, reserved 315392K
  class space    used 8442K, capacity 9365K, committed 9472K, reserved 253952K
}
Event: 1604.611 GC heap before
{Heap before GC invocations=19 (full 0):
 garbage-first heap   total 264192K, used 206320K [0x00000000e0000000, 0x0000000100000000)
  region size 1024K, 128 young (131072K), 16 survivors (16384K)
 Metaspace       used 68578K, capacity 71137K, committed 71296K, reserved 317440K
  class space    used 8597K, capacity 9547K, committed 9600K, reserved 253952K
}
Event: 1604.619 GC heap after
{Heap after GC invocations=20 (full 0):
 garbage-first heap   total 264192K, used 85461K [0x00000000e0000000, 0x0000000100000000)
  region size 1024K, 6 young (6144K), 6 survivors (6144K)
 Metaspace       used 68578K, capacity 71137K, committed 71296K, reserved 317440K
  class space    used 8597K, capacity 9547K, committed 9600K, reserved 253952K
}

